INFO http-bio-8080-exec-41 ru.lenoblgis.introduse.sergey.data.dao.DAO - Reviwed organization: ru.lenoblgis.introduse.sergey.domen.owner.organization.Organization{id=95, name='ннн "Company"', inn=456}
INFO http-bio-8080-exec-41 ru.lenoblgis.introduse.sergey.data.dao.DAO - Added event (REVIEW) about passport: ru.lenoblgis.introduse.sergey.domen.passport.Passport{id=1086, idOwner=95, cadastrNumber=null}
INFO http-bio-8080-exec-41 ru.lenoblgis.introduse.sergey.data.dao.DAO - Reviwed passport: ru.lenoblgis.introduse.sergey.domen.passport.Passport{id=1086, idOwner=95, cadastrNumber=null}
INFO http-bio-8080-exec-41 ru.lenoblgis.introduse.sergey.data.dao.DAO - Reviwed organization: ru.lenoblgis.introduse.sergey.domen.owner.organization.Organization{id=95, name='ннн "Company"', inn=456}
INFO http-bio-8080-exec-41 ru.lenoblgis.introduse.sergey.data.dao.DAO - Added event (REVIEW) about passport: ru.lenoblgis.introduse.sergey.domen.passport.Passport{id=1086, idOwner=95, cadastrNumber=null}
INFO http-bio-8080-exec-41 ru.lenoblgis.introduse.sergey.data.dao.DAO - Reviwed passport: ru.lenoblgis.introduse.sergey.domen.passport.Passport{id=1086, idOwner=95, cadastrNumber=null}
INFO http-bio-8080-exec-41 ru.lenoblgis.introduse.sergey.data.dao.DAO - Reviwed organization: ru.lenoblgis.introduse.sergey.domen.owner.organization.Organization{id=91, name='FooUserCompany2', inn=1}
INFO http-bio-8080-exec-41 ru.lenoblgis.introduse.sergey.data.dao.DAO - Executed requare for finding passports
INFO http-bio-8080-exec-41 ru.lenoblgis.introduse.sergey.data.dao.DAO - Executed requare for finding passports
INFO http-bio-8080-exec-41 ru.lenoblgis.introduse.sergey.data.dao.DAO - Reviwed organization: ru.lenoblgis.introduse.sergey.domen.owner.organization.Organization{id=95, name='ннн "Company"', inn=456}
INFO http-bio-8080-exec-41 ru.lenoblgis.introduse.sergey.data.dao.DAO - Added event (EDITION) about passport: ru.lenoblgis.introduse.sergey.domen.passport.Passport{id=1086, idOwner=95, cadastrNumber=98}
INFO http-bio-8080-exec-41 ru.lenoblgis.introduse.sergey.data.dao.DAO - Edited passport: ru.lenoblgis.introduse.sergey.domen.passport.Passport{id=1086, idOwner=95, cadastrNumber=98}
INFO http-bio-8080-exec-41 ru.lenoblgis.introduse.sergey.data.dao.DAO - Reviwed organization: ru.lenoblgis.introduse.sergey.domen.owner.organization.Organization{id=95, name='ннн "Company"', inn=456}
INFO http-bio-8080-exec-41 ru.lenoblgis.introduse.sergey.data.dao.DAO - Added event (REVIEW) about passport: ru.lenoblgis.introduse.sergey.domen.passport.Passport{id=1086, idOwner=95, cadastrNumber=98}
INFO http-bio-8080-exec-41 ru.lenoblgis.introduse.sergey.data.dao.DAO - Reviwed passport: ru.lenoblgis.introduse.sergey.domen.passport.Passport{id=1086, idOwner=95, cadastrNumber=98}
INFO http-bio-8080-exec-48 ru.lenoblgis.introduse.sergey.data.dao.DAO - Reviwed organization: ru.lenoblgis.introduse.sergey.domen.owner.organization.Organization{id=95, name='ннн "Company"', inn=456}
INFO http-bio-8080-exec-48 ru.lenoblgis.introduse.sergey.data.dao.DAO - Added event (REVIEW) about passport: ru.lenoblgis.introduse.sergey.domen.passport.Passport{id=1086, idOwner=95, cadastrNumber=98}
INFO http-bio-8080-exec-48 ru.lenoblgis.introduse.sergey.data.dao.DAO - Reviwed passport: ru.lenoblgis.introduse.sergey.domen.passport.Passport{id=1086, idOwner=95, cadastrNumber=98}
INFO localhost-startStop-2 org.springframework.web.context.support.AnnotationConfigWebApplicationContext - Closing Root WebApplicationContext: startup date [Mon Jun 22 16:39:15 MSK 2015]; root of context hierarchy
INFO localhost-startStop-1 org.springframework.web.servlet.DispatcherServlet - FrameworkServlet 'dispatcherAgrocultural': initialization started
INFO localhost-startStop-1 org.springframework.web.servlet.DispatcherServlet - FrameworkServlet 'dispatcherAgrocultural': initialization completed in 15 ms
INFO http-bio-8080-exec-5 ru.lenoblgis.introduse.sergey.data.dao.DAO - Executed finding user by login='Hook' and he was find!
INFO http-bio-8080-exec-6 ru.lenoblgis.introduse.sergey.data.dao.DAO - Executed finding user by login='Hook' and he was find!
INFO http-bio-8080-exec-6 ru.lenoblgis.introduse.sergey.data.dao.DAO - Reviwed organization: ru.lenoblgis.introduse.sergey.domen.owner.organization.Organization{id=95, name='ннн "Company"', inn=456}
INFO http-bio-8080-exec-6 ru.lenoblgis.introduse.sergey.data.dao.DAO - Reviwed organization: ru.lenoblgis.introduse.sergey.domen.owner.organization.Organization{id=95, name='ннн "Company"', inn=456}
INFO http-bio-8080-exec-6 ru.lenoblgis.introduse.sergey.data.dao.DAO - Executed requare for finding passports
INFO http-bio-8080-exec-9 ru.lenoblgis.introduse.sergey.data.dao.DAO - Reviwed organization: ru.lenoblgis.introduse.sergey.domen.owner.organization.Organization{id=95, name='ннн "Company"', inn=456}
INFO http-bio-8080-exec-9 ru.lenoblgis.introduse.sergey.data.dao.DAO - Added event (REVIEW) about passport: ru.lenoblgis.introduse.sergey.domen.passport.Passport{id=1086, idOwner=95, cadastrNumber=98}
INFO http-bio-8080-exec-9 ru.lenoblgis.introduse.sergey.data.dao.DAO - Reviwed passport: ru.lenoblgis.introduse.sergey.domen.passport.Passport{id=1086, idOwner=95, cadastrNumber=98}
INFO ContainerBackgroundProcessor[StandardEngine[Catalina]] org.springframework.web.context.support.AnnotationConfigWebApplicationContext - Closing Root WebApplicationContext: startup date [Mon Jun 22 16:45:37 MSK 2015]; root of context hierarchy
INFO ContainerBackgroundProcessor[StandardEngine[Catalina]] org.springframework.web.servlet.DispatcherServlet - FrameworkServlet 'dispatcherAgrocultural': initialization started
INFO ContainerBackgroundProcessor[StandardEngine[Catalina]] org.springframework.web.servlet.DispatcherServlet - FrameworkServlet 'dispatcherAgrocultural': initialization completed in 32 ms
INFO http-bio-8080-exec-9 ru.lenoblgis.introduse.sergey.data.dao.DAO - Executed finding user by login='Hook' and he was find!
INFO http-bio-8080-exec-8 ru.lenoblgis.introduse.sergey.data.dao.DAO - Executed finding user by login='Hook' and he was find!
INFO http-bio-8080-exec-8 ru.lenoblgis.introduse.sergey.data.dao.DAO - Reviwed organization: ru.lenoblgis.introduse.sergey.domen.owner.organization.Organization{id=95, name='ннн "Company"', inn=456}
INFO http-bio-8080-exec-8 ru.lenoblgis.introduse.sergey.data.dao.DAO - Reviwed organization: ru.lenoblgis.introduse.sergey.domen.owner.organization.Organization{id=95, name='ннн "Company"', inn=456}
INFO http-bio-8080-exec-8 ru.lenoblgis.introduse.sergey.data.dao.DAO - Executed requare for finding passports
INFO http-bio-8080-exec-6 ru.lenoblgis.introduse.sergey.data.dao.DAO - Reviwed organization: ru.lenoblgis.introduse.sergey.domen.owner.organization.Organization{id=95, name='ннн "Company"', inn=456}
INFO http-bio-8080-exec-6 ru.lenoblgis.introduse.sergey.data.dao.DAO - Added event (REVIEW) about passport: ru.lenoblgis.introduse.sergey.domen.passport.Passport{id=1086, idOwner=95, cadastrNumber=98}
INFO http-bio-8080-exec-6 ru.lenoblgis.introduse.sergey.data.dao.DAO - 2015-06-22T16:51:46.884+03:00 Reviwed passport: ru.lenoblgis.introduse.sergey.domen.passport.Passport{id=1086, idOwner=95, cadastrNumber=98}
INFO ContainerBackgroundProcessor[StandardEngine[Catalina]] org.springframework.web.context.support.AnnotationConfigWebApplicationContext - Closing Root WebApplicationContext: startup date [Mon Jun 22 16:51:20 MSK 2015]; root of context hierarchy
INFO ContainerBackgroundProcessor[StandardEngine[Catalina]] org.springframework.web.servlet.DispatcherServlet - FrameworkServlet 'dispatcherAgrocultural': initialization started
INFO ContainerBackgroundProcessor[StandardEngine[Catalina]] org.springframework.web.servlet.DispatcherServlet - FrameworkServlet 'dispatcherAgrocultural': initialization completed in 31 ms
INFO ContainerBackgroundProcessor[StandardEngine[Catalina]] org.springframework.web.context.support.AnnotationConfigWebApplicationContext - Closing Root WebApplicationContext: startup date [Mon Jun 22 16:54:02 MSK 2015]; root of context hierarchy
INFO ContainerBackgroundProcessor[StandardEngine[Catalina]] org.springframework.web.servlet.DispatcherServlet - FrameworkServlet 'dispatcherAgrocultural': initialization started
INFO ContainerBackgroundProcessor[StandardEngine[Catalina]] org.springframework.web.servlet.DispatcherServlet - FrameworkServlet 'dispatcherAgrocultural': initialization completed in 21 ms
INFO ContainerBackgroundProcessor[StandardEngine[Catalina]] org.springframework.web.context.support.AnnotationConfigWebApplicationContext - Closing Root WebApplicationContext: startup date [Mon Jun 22 17:15:36 MSK 2015]; root of context hierarchy
INFO ContainerBackgroundProcessor[StandardEngine[Catalina]] org.springframework.web.servlet.DispatcherServlet - FrameworkServlet 'dispatcherAgrocultural': initialization started
INFO ContainerBackgroundProcessor[StandardEngine[Catalina]] org.springframework.web.servlet.DispatcherServlet - FrameworkServlet 'dispatcherAgrocultural': initialization completed in 31 ms
INFO ContainerBackgroundProcessor[StandardEngine[Catalina]] org.springframework.web.context.support.AnnotationConfigWebApplicationContext - Closing Root WebApplicationContext: startup date [Mon Jun 22 17:23:48 MSK 2015]; root of context hierarchy
